<?xml version="1.0" encoding="UTF-8"?>
<!-- Generated by org.testng.reporters.JUnitReportReporter -->
<testsuite hostname="DESKTOP-8FNP6M4" failures="0" tests="4" name="New_Maven.Maven_Projects.TstAnotation" time="9.931" errors="0" timestamp="2023-11-22T13:03:04 IST" skipped="0">
  <testcase classname="New_Maven.Maven_Projects.TstAnotation" name="browser" time="8.803"/>
  <testcase classname="New_Maven.Maven_Projects.TstAnotation" name="name" time="0.426"/>
  <testcase classname="New_Maven.Maven_Projects.TstAnotation" name="pass" time="0.434"/>
  <testcase classname="New_Maven.Maven_Projects.TstAnotation" name="click" time="0.268"/>
</testsuite> <!-- New_Maven.Maven_Projects.TstAnotation -->
